<?xml version="1.0" encoding="UTF-8"?>
<!-- Generated by org.testng.reporters.JUnitXMLReporter -->
<testsuite hostname="Dell" ignored="0" name="Default test" tests="2" failures="0" timestamp="22 Apr 2018 11:19:39 GMT" time="254.889" errors="0">
  <testcase name="signInToYourGoogleAccount" time="116.313" classname="com.practice.learnselenium.TestGoogleSignInPage"/>
  <testcase name="verifyElementsOnSignInPage" time="8.3" classname="com.practice.learnselenium.TestGoogleSignInPage"/>
</testsuite> <!-- Default test -->
